============================================================
  Generated by:           Encounter(R) RTL Compiler RC14.13 - v14.10-s027_1
  Generated on:           Oct 05 2019  05:27:36 pm
  Module:                 fsm
  Technology library:     slow_vdd1v0 1.0
  Operating conditions:   PVT_0P9V_125C (balanced_tree)
  Wireload mode:          enclosed
  Area mode:              timing library
============================================================

                              
   Gate    Instances   Area       Library    
---------------------------------------------
AND2XL             2    2.736    slow_vdd1v0 
AOI211XL           2    4.104    slow_vdd1v0 
AOI21X1            4    6.840    slow_vdd1v0 
AOI221X1           1    2.394    slow_vdd1v0 
AOI22X1            1    2.052    slow_vdd1v0 
AOI2BB1XL          1    2.052    slow_vdd1v0 
DFFHQX1           13   71.136    slow_vdd1v0 
DFFQXL             1    5.472    slow_vdd1v0 
INVX1             16   10.944    slow_vdd1v0 
INVXL              1    0.684    slow_vdd1v0 
NAND2BX1           4    5.472    slow_vdd1v0 
NAND2BXL           3    4.104    slow_vdd1v0 
NAND2X1            7    7.182    slow_vdd1v0 
NAND3BXL           8   13.680    slow_vdd1v0 
NAND3X1            3    5.130    slow_vdd1v0 
NAND4BX1           2    4.788    slow_vdd1v0 
NAND4X1            2    4.104    slow_vdd1v0 
NAND4XL            5    8.550    slow_vdd1v0 
NOR2BX1            3    4.104    slow_vdd1v0 
NOR2X1            11   11.286    slow_vdd1v0 
NOR3BX1            1    2.052    slow_vdd1v0 
NOR3BXL            1    2.052    slow_vdd1v0 
NOR3X1             3    5.130    slow_vdd1v0 
NOR4X1             7   11.970    slow_vdd1v0 
OAI211X1           1    1.710    slow_vdd1v0 
OAI21X1            1    1.710    slow_vdd1v0 
OAI22X1            3    6.156    slow_vdd1v0 
OAI2BB1X1          1    1.710    slow_vdd1v0 
XNOR2X1            2    4.788    slow_vdd1v0 
---------------------------------------------
total            110  214.092                


                                    
   Type    Instances   Area  Area % 
------------------------------------
sequential        14  76.608   35.8 
inverter          17  11.628    5.4 
logic             79 125.856   58.8 
------------------------------------
total            110 214.092  100.0 

